<?xml version="1.0" encoding="UTF-8"?>
<!-- Generated by org.testng.reporters.JUnitReportReporter -->
<testsuite hostname="LAPTOP-AT3C0P3H" failures="0" tests="1" name="SeleniumFramework.Automation.AppTest" time="0.003" errors="0" timestamp="08 Jul 2021 15:20:24 GMT" skipped="0">
  <testcase classname="SeleniumFramework.Automation.AppTest" name="shouldAnswerWithTrue" time="0.003"/>
</testsuite> <!-- SeleniumFramework.Automation.AppTest -->
