<?xml version="1.0" encoding="UTF-8"?>
<!-- Generated by org.testng.reporters.JUnitReportReporter -->
<testsuite hostname="LAPTOP-AT3C0P3H" failures="0" tests="3" name="com.crm.qa.testcases.AmazonLoginPageTest" time="17.996" errors="0" timestamp="06 Jul 2021 19:58:13 GMT" skipped="0">
  <testcase classname="com.crm.qa.testcases.AmazonLoginPageTest" name="loginPageTitelTest" time="4.210"/>
  <testcase classname="com.crm.qa.testcases.AmazonLoginPageTest" name="amazonLogoTest" time="8.592"/>
  <testcase classname="com.crm.qa.testcases.AmazonLoginPageTest" name="loginTest" time="5.194"/>
</testsuite> <!-- com.crm.qa.testcases.AmazonLoginPageTest -->
