<?xml version="1.0" encoding="UTF-8"?>
<!-- Generated by org.testng.reporters.JUnitReportReporter -->
<testsuite hostname="LAPTOP-AT3C0P3H" failures="0" tests="1" name="com.crm.qa.testcases.HomePageTest" time="6.909" errors="0" timestamp="06 Jul 2021 14:40:09 GMT" skipped="0">
  <testcase classname="com.crm.qa.testcases.HomePageTest" name="validateUserVisibleNameTest" time="6.909"/>
</testsuite> <!-- com.crm.qa.testcases.HomePageTest -->
