<?xml version="1.0" encoding="UTF-8"?>
<!-- Generated by org.testng.reporters.JUnitReportReporter -->
<testsuite hostname="LAPTOP-AT3C0P3H" failures="0" tests="2" name="com.crm.qa.testcases.LoginPageTest" time="10.367" errors="0" timestamp="06 Jul 2021 14:39:24 GMT" skipped="0">
  <testcase classname="com.crm.qa.testcases.LoginPageTest" name="loginPageTitelTest" time="4.561"/>
  <testcase classname="com.crm.qa.testcases.LoginPageTest" name="loginTest" time="5.806"/>
</testsuite> <!-- com.crm.qa.testcases.LoginPageTest -->
